app/build/intermediates/manifest_merge_blame_file/debug/manifest-merger-blame-debug-report.txt
1<?xml version="1.0" encoding="utf-8"?>
2<manifest xmlns:android="http://schemas.android.com/apk/res/android"
3    package="com.tapri"
4    android:versionCode="1"
5    android:versionName="1.0" >
6
7    <uses-sdk
8        android:minSdkVersion="23"
9        android:targetSdkVersion="33" />
10
11    <uses-permission android:name="android.permission.INTERNET" />
11-->src\main\AndroidManifest.xml:5:5-67
11-->src\main\AndroidManifest.xml:5:22-64
12    <uses-permission
12-->src\main\AndroidManifest.xml:6:5-7:38
13        android:name="android.permission.READ_EXTERNAL_STORAGE"
13-->src\main\AndroidManifest.xml:6:22-77
14        android:maxSdkVersion="32" />
14-->src\main\AndroidManifest.xml:7:9-35
15    <uses-permission android:name="android.permission.READ_MEDIA_IMAGES" />
15-->src\main\AndroidManifest.xml:8:5-76
15-->src\main\AndroidManifest.xml:8:22-73
16    <uses-permission android:name="android.permission.READ_MEDIA_VIDEO" />
16-->src\main\AndroidManifest.xml:9:5-75
16-->src\main\AndroidManifest.xml:9:22-72
17    <uses-permission android:name="android.permission.CAMERA" />
17-->src\main\AndroidManifest.xml:10:5-65
17-->src\main\AndroidManifest.xml:10:22-62
18
19    <permission
19-->[androidx.core:core:1.9.0] AndroidManifest.xml:22:5-24:47
20        android:name="com.tapri.DYNAMIC_RECEIVER_NOT_EXPORTED_PERMISSION"
20-->[androidx.core:core:1.9.0] AndroidManifest.xml:23:9-81
21        android:protectionLevel="signature" />
21-->[androidx.core:core:1.9.0] AndroidManifest.xml:24:9-44
22
23    <uses-permission android:name="com.tapri.DYNAMIC_RECEIVER_NOT_EXPORTED_PERMISSION" />
23-->[androidx.core:core:1.9.0] AndroidManifest.xml:26:5-97
23-->[androidx.core:core:1.9.0] AndroidManifest.xml:26:22-94
24
25    <application
25-->src\main\AndroidManifest.xml:12:5-133:19
26        android:allowBackup="true"
26-->src\main\AndroidManifest.xml:13:9-35
27        android:appComponentFactory="androidx.core.app.CoreComponentFactory"
27-->[androidx.core:core:1.9.0] AndroidManifest.xml:28:18-86
28        android:dataExtractionRules="@xml/data_extraction_rules"
28-->src\main\AndroidManifest.xml:14:9-65
29        android:debuggable="true"
30        android:extractNativeLibs="false"
31        android:fullBackupContent="@xml/backup_rules"
31-->src\main\AndroidManifest.xml:15:9-54
32        android:icon="@drawable/tapri_logo"
32-->src\main\AndroidManifest.xml:16:9-44
33        android:label="@string/app_name"
33-->src\main\AndroidManifest.xml:17:9-41
34        android:networkSecurityConfig="@xml/network_security_config"
34-->src\main\AndroidManifest.xml:21:9-69
35        android:roundIcon="@drawable/tapri_logo"
35-->src\main\AndroidManifest.xml:18:9-49
36        android:supportsRtl="true"
36-->src\main\AndroidManifest.xml:19:9-35
37        android:testOnly="true"
38        android:theme="@style/Theme.Tapri" >
38-->src\main\AndroidManifest.xml:20:9-43
39        <activity
39-->src\main\AndroidManifest.xml:23:9-31:20
40            android:name="com.tapri.ui.SplashActivity"
40-->src\main\AndroidManifest.xml:24:13-46
41            android:exported="true"
41-->src\main\AndroidManifest.xml:25:13-36
42            android:theme="@style/Theme.Tapri.NoActionBar" >
42-->src\main\AndroidManifest.xml:26:13-59
43            <intent-filter>
43-->src\main\AndroidManifest.xml:27:13-30:29
44                <action android:name="android.intent.action.MAIN" />
44-->src\main\AndroidManifest.xml:28:17-69
44-->src\main\AndroidManifest.xml:28:25-66
45
46                <category android:name="android.intent.category.LAUNCHER" />
46-->src\main\AndroidManifest.xml:29:17-77
46-->src\main\AndroidManifest.xml:29:27-74
47            </intent-filter>
48        </activity>
49        <activity
49-->src\main\AndroidManifest.xml:32:9-35:62
50            android:name="com.tapri.ui.OnboardingActivity"
50-->src\main\AndroidManifest.xml:33:13-50
51            android:exported="false"
51-->src\main\AndroidManifest.xml:34:13-37
52            android:theme="@style/Theme.Tapri.NoActionBar" />
52-->src\main\AndroidManifest.xml:35:13-59
53        <activity
53-->src\main\AndroidManifest.xml:36:9-39:62
54            android:name="com.tapri.ui.LoginActivity"
54-->src\main\AndroidManifest.xml:37:13-45
55            android:exported="false"
55-->src\main\AndroidManifest.xml:38:13-37
56            android:theme="@style/Theme.Tapri.NoActionBar" />
56-->src\main\AndroidManifest.xml:39:13-59
57        <activity
57-->src\main\AndroidManifest.xml:40:9-43:62
58            android:name="com.tapri.ui.SignUpActivity"
58-->src\main\AndroidManifest.xml:41:13-46
59            android:exported="false"
59-->src\main\AndroidManifest.xml:42:13-37
60            android:theme="@style/Theme.Tapri.NoActionBar" />
60-->src\main\AndroidManifest.xml:43:13-59
61        <activity
61-->src\main\AndroidManifest.xml:44:9-47:62
62            android:name="com.tapri.ui.OtpActivity"
62-->src\main\AndroidManifest.xml:45:13-43
63            android:exported="false"
63-->src\main\AndroidManifest.xml:46:13-37
64            android:theme="@style/Theme.Tapri.NoActionBar" />
64-->src\main\AndroidManifest.xml:47:13-59
65        <activity
65-->src\main\AndroidManifest.xml:48:9-51:62
66            android:name="com.tapri.ui.HomeActivity"
66-->src\main\AndroidManifest.xml:49:13-44
67            android:exported="false"
67-->src\main\AndroidManifest.xml:50:13-37
68            android:theme="@style/Theme.Tapri.NoActionBar" />
68-->src\main\AndroidManifest.xml:51:13-59
69        <activity
69-->src\main\AndroidManifest.xml:52:9-55:62
70            android:name="com.tapri.ui.GroupsActivity"
70-->src\main\AndroidManifest.xml:53:13-46
71            android:exported="false"
71-->src\main\AndroidManifest.xml:54:13-37
72            android:theme="@style/Theme.Tapri.NoActionBar" />
72-->src\main\AndroidManifest.xml:55:13-59
73        <activity
73-->src\main\AndroidManifest.xml:56:9-59:62
74            android:name="com.tapri.ui.CreateGroupActivity"
74-->src\main\AndroidManifest.xml:57:13-51
75            android:exported="false"
75-->src\main\AndroidManifest.xml:58:13-37
76            android:theme="@style/Theme.Tapri.NoActionBar" />
76-->src\main\AndroidManifest.xml:59:13-59
77        <activity
77-->src\main\AndroidManifest.xml:60:9-63:62
78            android:name="com.tapri.ui.CreatePostActivity"
78-->src\main\AndroidManifest.xml:61:13-50
79            android:exported="false"
79-->src\main\AndroidManifest.xml:62:13-37
80            android:theme="@style/Theme.Tapri.NoActionBar" />
80-->src\main\AndroidManifest.xml:63:13-59
81        <activity
81-->src\main\AndroidManifest.xml:64:9-67:62
82            android:name="com.tapri.ui.ProfileActivity"
82-->src\main\AndroidManifest.xml:65:13-47
83            android:exported="false"
83-->src\main\AndroidManifest.xml:66:13-37
84            android:theme="@style/Theme.Tapri.NoActionBar" />
84-->src\main\AndroidManifest.xml:67:13-59
85        <activity
85-->src\main\AndroidManifest.xml:68:9-71:62
86            android:name="com.tapri.ui.MyPostsActivity"
86-->src\main\AndroidManifest.xml:69:13-47
87            android:exported="false"
87-->src\main\AndroidManifest.xml:70:13-37
88            android:theme="@style/Theme.Tapri.NoActionBar" />
88-->src\main\AndroidManifest.xml:71:13-59
89        <activity
89-->src\main\AndroidManifest.xml:72:9-75:62
90            android:name="com.tapri.ui.TipsActivity"
90-->src\main\AndroidManifest.xml:73:13-44
91            android:exported="false"
91-->src\main\AndroidManifest.xml:74:13-37
92            android:theme="@style/Theme.Tapri.NoActionBar" />
92-->src\main\AndroidManifest.xml:75:13-59
93        <activity
93-->src\main\AndroidManifest.xml:76:9-79:62
94            android:name="com.tapri.ui.InfoActivity"
94-->src\main\AndroidManifest.xml:77:13-44
95            android:exported="false"
95-->src\main\AndroidManifest.xml:78:13-37
96            android:theme="@style/Theme.Tapri.NoActionBar" />
96-->src\main\AndroidManifest.xml:79:13-59
97        <activity
97-->src\main\AndroidManifest.xml:80:9-83:62
98            android:name="com.tapri.ui.EarnActivity"
98-->src\main\AndroidManifest.xml:81:13-44
99            android:exported="false"
99-->src\main\AndroidManifest.xml:82:13-37
100            android:theme="@style/Theme.Tapri.NoActionBar" />
100-->src\main\AndroidManifest.xml:83:13-59
101        <activity
101-->src\main\AndroidManifest.xml:84:9-87:62
102            android:name="com.tapri.ui.ClaimActivity"
102-->src\main\AndroidManifest.xml:85:13-45
103            android:exported="false"
103-->src\main\AndroidManifest.xml:86:13-37
104            android:theme="@style/Theme.Tapri.NoActionBar" />
104-->src\main\AndroidManifest.xml:87:13-59
105        <activity
105-->src\main\AndroidManifest.xml:88:9-92:62
106            android:name="com.tapri.ui.JobDetailsActivity"
106-->src\main\AndroidManifest.xml:89:13-50
107            android:exported="false"
107-->src\main\AndroidManifest.xml:90:13-37
108            android:launchMode="singleTop"
108-->src\main\AndroidManifest.xml:91:13-43
109            android:theme="@style/Theme.Tapri.NoActionBar" />
109-->src\main\AndroidManifest.xml:92:13-59
110        <activity
110-->src\main\AndroidManifest.xml:93:9-96:62
111            android:name="com.tapri.ui.NotificationsActivity"
111-->src\main\AndroidManifest.xml:94:13-53
112            android:exported="false"
112-->src\main\AndroidManifest.xml:95:13-37
113            android:theme="@style/Theme.Tapri.NoActionBar" />
113-->src\main\AndroidManifest.xml:96:13-59
114        <activity
114-->src\main\AndroidManifest.xml:97:9-100:62
115            android:name="com.tapri.ui.UnclaimedJobDetailsActivity"
115-->src\main\AndroidManifest.xml:98:13-59
116            android:exported="false"
116-->src\main\AndroidManifest.xml:99:13-37
117            android:theme="@style/Theme.Tapri.NoActionBar" />
117-->src\main\AndroidManifest.xml:100:13-59
118        <activity
118-->src\main\AndroidManifest.xml:101:9-104:62
119            android:name="com.tapri.ui.PostJobActivity"
119-->src\main\AndroidManifest.xml:102:13-47
120            android:exported="false"
120-->src\main\AndroidManifest.xml:103:13-37
121            android:theme="@style/Theme.Tapri.NoActionBar" />
121-->src\main\AndroidManifest.xml:104:13-59
122        <activity
122-->src\main\AndroidManifest.xml:105:9-108:62
123            android:name="com.tapri.ui.TipDetailsActivity"
123-->src\main\AndroidManifest.xml:106:13-50
124            android:exported="false"
124-->src\main\AndroidManifest.xml:107:13-37
125            android:theme="@style/Theme.Tapri.NoActionBar" />
125-->src\main\AndroidManifest.xml:108:13-59
126        <activity
126-->src\main\AndroidManifest.xml:109:9-112:62
127            android:name="com.tapri.ui.GroupChatActivity"
127-->src\main\AndroidManifest.xml:110:13-49
128            android:exported="false"
128-->src\main\AndroidManifest.xml:111:13-37
129            android:theme="@style/Theme.Tapri.NoActionBar" />
129-->src\main\AndroidManifest.xml:112:13-59
130        <activity
130-->src\main\AndroidManifest.xml:113:9-116:62
131            android:name="com.tapri.ui.ComingSoonActivity"
131-->src\main\AndroidManifest.xml:114:13-50
132            android:exported="false"
132-->src\main\AndroidManifest.xml:115:13-37
133            android:theme="@style/Theme.Tapri.NoActionBar" />
133-->src\main\AndroidManifest.xml:116:13-59
134        <activity
134-->src\main\AndroidManifest.xml:117:9-120:62
135            android:name="com.tapri.ui.EarnComingSoonActivity"
135-->src\main\AndroidManifest.xml:118:13-54
136            android:exported="false"
136-->src\main\AndroidManifest.xml:119:13-37
137            android:theme="@style/Theme.Tapri.NoActionBar" />
137-->src\main\AndroidManifest.xml:120:13-59
138        <activity
138-->src\main\AndroidManifest.xml:121:9-124:62
139            android:name="com.tapri.ui.CommentsActivity"
139-->src\main\AndroidManifest.xml:122:13-48
140            android:exported="false"
140-->src\main\AndroidManifest.xml:123:13-37
141            android:theme="@style/Theme.Tapri.NoActionBar" />
141-->src\main\AndroidManifest.xml:124:13-59
142        <activity
142-->src\main\AndroidManifest.xml:125:9-128:62
143            android:name="com.tapri.ui.VideoTrimmerActivity"
143-->src\main\AndroidManifest.xml:126:13-52
144            android:exported="false"
144-->src\main\AndroidManifest.xml:127:13-37
145            android:theme="@style/Theme.Tapri.NoActionBar" />
145-->src\main\AndroidManifest.xml:128:13-59
146        <activity
146-->src\main\AndroidManifest.xml:129:9-132:62
147            android:name="com.tapri.ui.PhotoCropperActivity"
147-->src\main\AndroidManifest.xml:130:13-52
148            android:exported="false"
148-->src\main\AndroidManifest.xml:131:13-37
149            android:theme="@style/Theme.Tapri.NoActionBar" />
149-->src\main\AndroidManifest.xml:132:13-59
150
151        <provider
151-->[androidx.emoji2:emoji2:1.2.0] AndroidManifest.xml:24:9-32:20
152            android:name="androidx.startup.InitializationProvider"
152-->[androidx.emoji2:emoji2:1.2.0] AndroidManifest.xml:25:13-67
153            android:authorities="com.tapri.androidx-startup"
153-->[androidx.emoji2:emoji2:1.2.0] AndroidManifest.xml:26:13-68
154            android:exported="false" >
154-->[androidx.emoji2:emoji2:1.2.0] AndroidManifest.xml:27:13-37
155            <meta-data
155-->[androidx.emoji2:emoji2:1.2.0] AndroidManifest.xml:29:13-31:52
156                android:name="androidx.emoji2.text.EmojiCompatInitializer"
156-->[androidx.emoji2:emoji2:1.2.0] AndroidManifest.xml:30:17-75
157                android:value="androidx.startup" />
157-->[androidx.emoji2:emoji2:1.2.0] AndroidManifest.xml:31:17-49
158            <meta-data
158-->[androidx.lifecycle:lifecycle-process:2.6.1] AndroidManifest.xml:29:13-31:52
159                android:name="androidx.lifecycle.ProcessLifecycleInitializer"
159-->[androidx.lifecycle:lifecycle-process:2.6.1] AndroidManifest.xml:30:17-78
160                android:value="androidx.startup" />
160-->[androidx.lifecycle:lifecycle-process:2.6.1] AndroidManifest.xml:31:17-49
161            <meta-data
161-->[androidx.profileinstaller:profileinstaller:1.3.0] AndroidManifest.xml:29:13-31:52
162                android:name="androidx.profileinstaller.ProfileInstallerInitializer"
162-->[androidx.profileinstaller:profileinstaller:1.3.0] AndroidManifest.xml:30:17-85
163                android:value="androidx.startup" />
163-->[androidx.profileinstaller:profileinstaller:1.3.0] AndroidManifest.xml:31:17-49
164        </provider>
165
166        <uses-library
166-->[androidx.window:window:1.0.0] AndroidManifest.xml:25:9-27:40
167            android:name="androidx.window.extensions"
167-->[androidx.window:window:1.0.0] AndroidManifest.xml:26:13-54
168            android:required="false" />
168-->[androidx.window:window:1.0.0] AndroidManifest.xml:27:13-37
169        <uses-library
169-->[androidx.window:window:1.0.0] AndroidManifest.xml:28:9-30:40
170            android:name="androidx.window.sidecar"
170-->[androidx.window:window:1.0.0] AndroidManifest.xml:29:13-51
171            android:required="false" />
171-->[androidx.window:window:1.0.0] AndroidManifest.xml:30:13-37
172
173        <receiver
173-->[androidx.profileinstaller:profileinstaller:1.3.0] AndroidManifest.xml:34:9-52:20
174            android:name="androidx.profileinstaller.ProfileInstallReceiver"
174-->[androidx.profileinstaller:profileinstaller:1.3.0] AndroidManifest.xml:35:13-76
175            android:directBootAware="false"
175-->[androidx.profileinstaller:profileinstaller:1.3.0] AndroidManifest.xml:36:13-44
176            android:enabled="true"
176-->[androidx.profileinstaller:profileinstaller:1.3.0] AndroidManifest.xml:37:13-35
177            android:exported="true"
177-->[androidx.profileinstaller:profileinstaller:1.3.0] AndroidManifest.xml:38:13-36
178            android:permission="android.permission.DUMP" >
178-->[androidx.profileinstaller:profileinstaller:1.3.0] AndroidManifest.xml:39:13-57
179            <intent-filter>
179-->[androidx.profileinstaller:profileinstaller:1.3.0] AndroidManifest.xml:40:13-42:29
180                <action android:name="androidx.profileinstaller.action.INSTALL_PROFILE" />
180-->[androidx.profileinstaller:profileinstaller:1.3.0] AndroidManifest.xml:41:17-91
180-->[androidx.profileinstaller:profileinstaller:1.3.0] AndroidManifest.xml:41:25-88
181            </intent-filter>
182            <intent-filter>
182-->[androidx.profileinstaller:profileinstaller:1.3.0] AndroidManifest.xml:43:13-45:29
183                <action android:name="androidx.profileinstaller.action.SKIP_FILE" />
183-->[androidx.profileinstaller:profileinstaller:1.3.0] AndroidManifest.xml:44:17-85
183-->[androidx.profileinstaller:profileinstaller:1.3.0] AndroidManifest.xml:44:25-82
184            </intent-filter>
185            <intent-filter>
185-->[androidx.profileinstaller:profileinstaller:1.3.0] AndroidManifest.xml:46:13-48:29
186                <action android:name="androidx.profileinstaller.action.SAVE_PROFILE" />
186-->[androidx.profileinstaller:profileinstaller:1.3.0] AndroidManifest.xml:47:17-88
186-->[androidx.profileinstaller:profileinstaller:1.3.0] AndroidManifest.xml:47:25-85
187            </intent-filter>
188            <intent-filter>
188-->[androidx.profileinstaller:profileinstaller:1.3.0] AndroidManifest.xml:49:13-51:29
189                <action android:name="androidx.profileinstaller.action.BENCHMARK_OPERATION" />
189-->[androidx.profileinstaller:profileinstaller:1.3.0] AndroidManifest.xml:50:17-95
189-->[androidx.profileinstaller:profileinstaller:1.3.0] AndroidManifest.xml:50:25-92
190            </intent-filter>
191        </receiver>
192    </application>
193
194</manifest>